<?xml version="1.0" encoding="UTF-8"?>
<testsuite name="com.producto.productosapp.ProductosAppApplicationTests" tests="1" skipped="0" failures="0" errors="0" timestamp="2024-10-04T05:46:48" hostname="DESKTOP-8C83EHL" time="0.511">
  <properties/>
  <testcase name="contextLoads()" classname="com.producto.productosapp.ProductosAppApplicationTests" time="0.511"/>
  <system-out><![CDATA[23:46:42.945 [Test worker] INFO org.springframework.test.context.support.AnnotationConfigContextLoaderUtils -- Could not detect default configuration classes for test class [com.producto.productosapp.ProductosAppApplicationTests]: ProductosAppApplicationTests does not declare any static, non-private, non-final, nested classes annotated with @Configuration.
23:46:43.065 [Test worker] INFO org.springframework.boot.test.context.SpringBootTestContextBootstrapper -- Found @SpringBootConfiguration com.producto.productosapp.ProductosAppApplication for test class com.producto.productosapp.ProductosAppApplicationTests

  .   ____          _            __ _ _
 /\\ / ___'_ __ _ _(_)_ __  __ _ \ \ \ \
( ( )\___ | '_ | '_| | '_ \/ _` | \ \ \ \
 \\/  ___)| |_)| | | | | || (_| |  ) ) ) )
  '  |____| .__|_| |_|_| |_\__, | / / / /
 =========|_|==============|___/=/_/_/_/

 :: Spring Boot ::                (v3.3.4)

2024-10-03T23:46:43.544-06:00  INFO 13580 --- [ProductosApp] [    Test worker] c.p.p.ProductosAppApplicationTests       : Starting ProductosAppApplicationTests using Java 17.0.12 with PID 13580 (started by USUARIO in C:\Users\USUARIO\Documents\Proyectos\ProductosApp)
2024-10-03T23:46:43.546-06:00  INFO 13580 --- [ProductosApp] [    Test worker] c.p.p.ProductosAppApplicationTests       : No active profile set, falling back to 1 default profile: "default"
2024-10-03T23:46:44.359-06:00  INFO 13580 --- [ProductosApp] [    Test worker] .s.d.r.c.RepositoryConfigurationDelegate : Bootstrapping Spring Data JPA repositories in DEFAULT mode.
2024-10-03T23:46:44.465-06:00  INFO 13580 --- [ProductosApp] [    Test worker] .s.d.r.c.RepositoryConfigurationDelegate : Finished Spring Data repository scanning in 88 ms. Found 1 JPA repository interface.
2024-10-03T23:46:45.116-06:00  INFO 13580 --- [ProductosApp] [    Test worker] o.hibernate.jpa.internal.util.LogHelper  : HHH000204: Processing PersistenceUnitInfo [name: default]
2024-10-03T23:46:45.235-06:00  INFO 13580 --- [ProductosApp] [    Test worker] org.hibernate.Version                    : HHH000412: Hibernate ORM core version 6.5.3.Final
2024-10-03T23:46:45.271-06:00  INFO 13580 --- [ProductosApp] [    Test worker] o.h.c.internal.RegionFactoryInitiator    : HHH000026: Second-level cache disabled
2024-10-03T23:46:45.643-06:00  INFO 13580 --- [ProductosApp] [    Test worker] o.s.o.j.p.SpringPersistenceUnitInfo      : No LoadTimeWeaver setup: ignoring JPA class transformer
2024-10-03T23:46:45.707-06:00  INFO 13580 --- [ProductosApp] [    Test worker] com.zaxxer.hikari.HikariDataSource       : HikariPool-1 - Starting...
2024-10-03T23:46:46.076-06:00  INFO 13580 --- [ProductosApp] [    Test worker] com.zaxxer.hikari.pool.HikariPool        : HikariPool-1 - Added connection com.mysql.cj.jdbc.ConnectionImpl@69f69078
2024-10-03T23:46:46.079-06:00  INFO 13580 --- [ProductosApp] [    Test worker] com.zaxxer.hikari.HikariDataSource       : HikariPool-1 - Start completed.
2024-10-03T23:46:46.125-06:00  WARN 13580 --- [ProductosApp] [    Test worker] org.hibernate.orm.deprecation            : HHH90000025: MySQLDialect does not need to be specified explicitly using 'hibernate.dialect' (remove the property setting and it will be selected by default)
2024-10-03T23:46:46.935-06:00  INFO 13580 --- [ProductosApp] [    Test worker] o.h.e.t.j.p.i.JtaPlatformInitiator       : HHH000489: No JTA platform available (set 'hibernate.transaction.jta.platform' to enable JTA platform integration)
2024-10-03T23:46:46.974-06:00  INFO 13580 --- [ProductosApp] [    Test worker] j.LocalContainerEntityManagerFactoryBean : Initialized JPA EntityManagerFactory for persistence unit 'default'
2024-10-03T23:46:47.433-06:00  INFO 13580 --- [ProductosApp] [    Test worker] o.s.d.j.r.query.QueryEnhancerFactory     : Hibernate is in classpath; If applicable, HQL parser will be used.
2024-10-03T23:46:47.518-06:00  WARN 13580 --- [ProductosApp] [    Test worker] JpaBaseConfiguration$JpaWebConfiguration : spring.jpa.open-in-view is enabled by default. Therefore, database queries may be performed during view rendering. Explicitly configure spring.jpa.open-in-view to disable this warning
2024-10-03T23:46:47.540-06:00  WARN 13580 --- [ProductosApp] [    Test worker] .s.s.UserDetailsServiceAutoConfiguration : 

Using generated security password: 8d34a8b4-a033-490f-af7f-5663b95f04bb

This generated password is for development use only. Your security configuration must be updated before running your application in production.

2024-10-03T23:46:47.574-06:00  INFO 13580 --- [ProductosApp] [    Test worker] r$InitializeUserDetailsManagerConfigurer : Global AuthenticationManager configured with UserDetailsService bean with name inMemoryUserDetailsManager
2024-10-03T23:46:48.478-06:00  INFO 13580 --- [ProductosApp] [    Test worker] c.p.p.ProductosAppApplicationTests       : Started ProductosAppApplicationTests in 5.144 seconds (process running for 11.332)
]]></system-out>
  <system-err><![CDATA[]]></system-err>
</testsuite>
