<?xml version="1.0" encoding="UTF-8"?>
<testsuite name="com.producto.productosapp.service.ProductServiceTest" tests="2" skipped="0" failures="0" errors="0" timestamp="2024-10-04T05:46:50" hostname="DESKTOP-8C83EHL" time="0.082">
  <properties/>
  <testcase name="obtenerProductos()" classname="com.producto.productosapp.service.ProductServiceTest" time="0.066"/>
  <testcase name="obtenerProductoporIdNUllsinoexiste()" classname="com.producto.productosapp.service.ProductServiceTest" time="0.014"/>
  <system-out><![CDATA[2024-10-03T23:46:49.027-06:00  INFO 13580 --- [ProductosApp] [    Test worker] t.c.s.AnnotationConfigContextLoaderUtils : Could not detect default configuration classes for test class [com.producto.productosapp.service.ProductServiceTest]: ProductServiceTest does not declare any static, non-private, non-final, nested classes annotated with @Configuration.
2024-10-03T23:46:49.033-06:00  INFO 13580 --- [ProductosApp] [    Test worker] .b.t.c.SpringBootTestContextBootstrapper : Found @SpringBootConfiguration com.producto.productosapp.ProductosAppApplication for test class com.producto.productosapp.service.ProductServiceTest

  .   ____          _            __ _ _
 /\\ / ___'_ __ _ _(_)_ __  __ _ \ \ \ \
( ( )\___ | '_ | '_| | '_ \/ _` | \ \ \ \
 \\/  ___)| |_)| | | | | || (_| |  ) ) ) )
  '  |____| .__|_| |_|_| |_\__, | / / / /
 =========|_|==============|___/=/_/_/_/

 :: Spring Boot ::                (v3.3.4)

2024-10-03T23:46:49.055-06:00  INFO 13580 --- [ProductosApp] [    Test worker] c.p.p.service.ProductServiceTest         : Starting ProductServiceTest using Java 17.0.12 with PID 13580 (started by USUARIO in C:\Users\USUARIO\Documents\Proyectos\ProductosApp)
2024-10-03T23:46:49.055-06:00  INFO 13580 --- [ProductosApp] [    Test worker] c.p.p.service.ProductServiceTest         : No active profile set, falling back to 1 default profile: "default"
2024-10-03T23:46:49.207-06:00  INFO 13580 --- [ProductosApp] [    Test worker] .s.d.r.c.RepositoryConfigurationDelegate : Bootstrapping Spring Data JPA repositories in DEFAULT mode.
2024-10-03T23:46:49.214-06:00  INFO 13580 --- [ProductosApp] [    Test worker] .s.d.r.c.RepositoryConfigurationDelegate : Finished Spring Data repository scanning in 7 ms. Found 1 JPA repository interface.
2024-10-03T23:46:49.661-06:00  INFO 13580 --- [ProductosApp] [    Test worker] o.hibernate.jpa.internal.util.LogHelper  : HHH000204: Processing PersistenceUnitInfo [name: default]
2024-10-03T23:46:49.666-06:00  INFO 13580 --- [ProductosApp] [    Test worker] o.h.c.internal.RegionFactoryInitiator    : HHH000026: Second-level cache disabled
2024-10-03T23:46:49.688-06:00  INFO 13580 --- [ProductosApp] [    Test worker] o.s.o.j.p.SpringPersistenceUnitInfo      : No LoadTimeWeaver setup: ignoring JPA class transformer
2024-10-03T23:46:49.691-06:00  INFO 13580 --- [ProductosApp] [    Test worker] com.zaxxer.hikari.HikariDataSource       : HikariPool-2 - Starting...
2024-10-03T23:46:49.744-06:00  INFO 13580 --- [ProductosApp] [    Test worker] com.zaxxer.hikari.pool.HikariPool        : HikariPool-2 - Added connection com.mysql.cj.jdbc.ConnectionImpl@4df9df06
2024-10-03T23:46:49.745-06:00  INFO 13580 --- [ProductosApp] [    Test worker] com.zaxxer.hikari.HikariDataSource       : HikariPool-2 - Start completed.
2024-10-03T23:46:49.748-06:00  WARN 13580 --- [ProductosApp] [    Test worker] org.hibernate.orm.deprecation            : HHH90000025: MySQLDialect does not need to be specified explicitly using 'hibernate.dialect' (remove the property setting and it will be selected by default)
2024-10-03T23:46:49.816-06:00  INFO 13580 --- [ProductosApp] [    Test worker] o.h.e.t.j.p.i.JtaPlatformInitiator       : HHH000489: No JTA platform available (set 'hibernate.transaction.jta.platform' to enable JTA platform integration)
2024-10-03T23:46:49.835-06:00  INFO 13580 --- [ProductosApp] [    Test worker] j.LocalContainerEntityManagerFactoryBean : Initialized JPA EntityManagerFactory for persistence unit 'default'
2024-10-03T23:46:49.900-06:00  WARN 13580 --- [ProductosApp] [    Test worker] JpaBaseConfiguration$JpaWebConfiguration : spring.jpa.open-in-view is enabled by default. Therefore, database queries may be performed during view rendering. Explicitly configure spring.jpa.open-in-view to disable this warning
2024-10-03T23:46:49.916-06:00  WARN 13580 --- [ProductosApp] [    Test worker] .s.s.UserDetailsServiceAutoConfiguration : 

Using generated security password: be907420-5c20-486d-a13d-91c924f99e95

This generated password is for development use only. Your security configuration must be updated before running your application in production.

2024-10-03T23:46:49.918-06:00  INFO 13580 --- [ProductosApp] [    Test worker] r$InitializeUserDetailsManagerConfigurer : Global AuthenticationManager configured with UserDetailsService bean with name inMemoryUserDetailsManager
2024-10-03T23:46:50.270-06:00  INFO 13580 --- [ProductosApp] [    Test worker] c.p.p.service.ProductServiceTest         : Started ProductServiceTest in 1.233 seconds (process running for 13.125)
]]></system-out>
  <system-err><![CDATA[]]></system-err>
</testsuite>
